[23:54:14] [main/INFO]: Environment: authHost='https://authserver.mojang.com', accountsHost='https://api.mojang.com', sessionHost='https://sessionserver.mojang.com', servicesHost='https://api.minecraftservices.com', name='PROD'
[23:54:14] [main/WARN]: Ambiguity between arguments [teleport, destination] and [teleport, targets] with inputs: [Player, 0123, @e, dd12be42-52a9-4a91-a8a1-11c01849e498]
[23:54:14] [main/WARN]: Ambiguity between arguments [teleport, location] and [teleport, destination] with inputs: [0.1 -0.5 .9, 0 0 0]
[23:54:14] [main/WARN]: Ambiguity between arguments [teleport, location] and [teleport, targets] with inputs: [0.1 -0.5 .9, 0 0 0]
[23:54:14] [main/WARN]: Ambiguity between arguments [teleport, targets] and [teleport, destination] with inputs: [Player, 0123, dd12be42-52a9-4a91-a8a1-11c01849e498]
[23:54:14] [main/WARN]: Ambiguity between arguments [teleport, targets, location] and [teleport, targets, destination] with inputs: [0.1 -0.5 .9, 0 0 0]
[23:54:14] [main/INFO]: Reloading ResourceManager: Default
[23:54:16] [Worker-Main-4/INFO]: Loaded 7 recipes
[23:54:16] [Worker-Main-4/INFO]: Loaded 927 advancements
[23:54:18] [Server thread/INFO]: Starting minecraft server version 1.16.5
[23:54:18] [Server thread/INFO]: Loading properties
[23:54:18] [Server thread/INFO]: Default game type: SURVIVAL
[23:54:18] [Server thread/INFO]: Generating keypair
[23:54:18] [Server thread/INFO]: Starting Minecraft server on *:25565
[23:54:18] [Server thread/INFO]: Using epoll channel type
[23:54:19] [Server thread/WARN]: **** SERVER IS RUNNING IN OFFLINE/INSECURE MODE!
[23:54:19] [Server thread/WARN]: The server will make no attempt to authenticate usernames. Beware.
[23:54:19] [Server thread/WARN]: While this makes the game possible to play without internet access, it also opens up the ability for hackers to connect with any username they choose.
[23:54:19] [Server thread/WARN]: To change this, set "online-mode" to "true" in the server.properties file.
[23:54:19] [Server thread/INFO]: Preparing level "world"
[23:54:24] [Server thread/INFO]: Preparing start region for dimension minecraft:overworld
[23:54:24] [Worker-Main-4/INFO]: Preparing spawn area: 0%
[23:54:25] [Worker-Main-6/INFO]: Preparing spawn area: 0%
[23:54:25] [Worker-Main-5/INFO]: Preparing spawn area: 0%
[23:54:26] [Worker-Main-4/INFO]: Preparing spawn area: 0%
[23:54:26] [Worker-Main-6/INFO]: Preparing spawn area: 0%
[23:54:27] [Worker-Main-4/INFO]: Preparing spawn area: 1%
[23:54:27] [Worker-Main-4/INFO]: Preparing spawn area: 2%
[23:54:28] [Worker-Main-6/INFO]: Preparing spawn area: 3%
[23:54:28] [Worker-Main-4/INFO]: Preparing spawn area: 3%
[23:54:29] [Worker-Main-6/INFO]: Preparing spawn area: 5%
[23:54:29] [Worker-Main-5/INFO]: Preparing spawn area: 6%
[23:54:30] [Worker-Main-5/INFO]: Preparing spawn area: 6%
[23:54:30] [Worker-Main-4/INFO]: Preparing spawn area: 7%
[23:54:31] [Worker-Main-4/INFO]: Preparing spawn area: 9%
[23:54:31] [Worker-Main-6/INFO]: Preparing spawn area: 10%
[23:54:32] [Worker-Main-6/INFO]: Preparing spawn area: 10%
[23:54:32] [Worker-Main-5/INFO]: Preparing spawn area: 14%
[23:54:33] [Worker-Main-5/INFO]: Preparing spawn area: 16%
[23:54:33] [Worker-Main-5/INFO]: Preparing spawn area: 17%
[23:54:34] [Worker-Main-5/INFO]: Preparing spawn area: 20%
[23:54:34] [Worker-Main-5/INFO]: Preparing spawn area: 23%
[23:54:35] [Worker-Main-4/INFO]: Preparing spawn area: 25%
[23:54:35] [Worker-Main-6/INFO]: Preparing spawn area: 25%
[23:54:36] [Worker-Main-5/INFO]: Preparing spawn area: 28%
[23:54:36] [Worker-Main-5/INFO]: Preparing spawn area: 30%
[23:54:37] [Worker-Main-6/INFO]: Preparing spawn area: 32%
[23:54:37] [Worker-Main-4/INFO]: Preparing spawn area: 32%
[23:54:38] [Worker-Main-5/INFO]: Preparing spawn area: 32%
[23:54:38] [Worker-Main-6/INFO]: Preparing spawn area: 32%
[23:54:39] [Worker-Main-6/INFO]: Preparing spawn area: 39%
[23:54:39] [Worker-Main-6/INFO]: Preparing spawn area: 43%
[23:54:40] [Worker-Main-5/INFO]: Preparing spawn area: 45%
[23:54:40] [Worker-Main-5/INFO]: Preparing spawn area: 47%
[23:54:41] [Worker-Main-4/INFO]: Preparing spawn area: 51%
[23:54:41] [Worker-Main-5/INFO]: Preparing spawn area: 54%
[23:54:42] [Worker-Main-5/INFO]: Preparing spawn area: 57%
[23:54:42] [Worker-Main-5/INFO]: Preparing spawn area: 57%
[23:54:43] [Worker-Main-6/INFO]: Preparing spawn area: 63%
[23:54:43] [Worker-Main-6/INFO]: Preparing spawn area: 66%
[23:54:44] [Worker-Main-6/INFO]: Preparing spawn area: 70%
[23:54:44] [Worker-Main-5/INFO]: Preparing spawn area: 72%
[23:54:45] [Worker-Main-6/INFO]: Preparing spawn area: 73%
[23:54:45] [Worker-Main-4/INFO]: Preparing spawn area: 79%
[23:54:46] [Worker-Main-6/INFO]: Preparing spawn area: 81%
[23:54:46] [Worker-Main-6/INFO]: Preparing spawn area: 81%
[23:54:47] [Worker-Main-6/INFO]: Preparing spawn area: 86%
[23:54:47] [Worker-Main-5/INFO]: Preparing spawn area: 90%
[23:54:49] [Worker-Main-6/INFO]: Preparing spawn area: 93%
[23:54:49] [Worker-Main-4/INFO]: Preparing spawn area: 93%
[23:54:49] [Worker-Main-4/INFO]: Preparing spawn area: 93%
[23:54:49] [Server thread/INFO]: Time elapsed: 24872 ms
[23:54:49] [Server thread/INFO]: Done (30.309s)! For help, type "help"
[23:55:12] [Server thread/INFO]: SEBAZTIAN_games[/127.101.62.108:39945] logged in with entity id 182 at (142.5, 75.0, 39.5)
[23:55:12] [Server thread/INFO]: SEBAZTIAN_games joined the game
[23:56:32] [Server thread/INFO]: SEBAZTIAN_games lost connection: Disconnected
[23:56:32] [Server thread/INFO]: SEBAZTIAN_games left the game
